0|Adventure|The Fairylogue and Radio-Plays
0|Biography|The Story of the Kelly Gang
0|Comedy|Um Cavalheiro Deveras Obsequioso
0|Crime|The Story of the Kelly Gang
0|Documentary|België
0|Drama|El pastorcito de Torrente
0|Family|The Life of Moses
0|Fantasy|The Fairylogue and Radio-Plays
0|History|Den lille hornblæser
0|Musical|Pega na Chaleira
0|Music|Faust
0|News|The Joe Gans-Battling Nelson Fight
0|Romance|A Viúva Alegre
0|Sport|Jeffries and Ruhlin Sparring Contest at San Francisco, Cal., November 15, 1901
0|War|Gøngehøvdingen
1|Action|Beatrice Fairfax
1|Adult|The Goat
1|Adventure|The Dark Star
1|Animation|The Evils of Alcohol
1|Biography|Nelson